# JRE version: OpenJDK Runtime Environment (18.0.2.1+1) (build 18.0.2.1+1-1)
# Java VM: OpenJDK 64-Bit Server VM (18.0.2.1+1-1, mixed mode, sharing, tiered, compressed oops, compressed class ptrs, g1 gc, windows-amd64)
GC Precious Log:
 CardTable entry size: 512
 Card Set container configuration: InlinePtr #cards 5 size 8 Array Of Cards #cards 12 size 40 Howl #buckets 4 coarsen threshold 1843 Howl Bitmap #cards 512 size 80 coarsen threshold 460 Card regions per heap region 1 cards per card region 2048
 CPUs: 4 total, 4 available
 Memory: 8094M
 Large Page Support: Disabled
 NUMA Support: Disabled
 Compressed Oops: Enabled (32-bit)
 Heap Region Size: 1M
 Heap Min Capacity: 8M
 Heap Initial Capacity: 128M
 Heap Max Capacity: 2024M
 Pre-touch: Disabled
 Parallel Workers: 4
 Concurrent Workers: 1
 Concurrent Refinement Workers: 4
 Periodic GC: Disabled
Heap:
 garbage-first heap   total 64512K, used 33108K [0x0000000081800000, 0x0000000100000000)
  region size 1024K, 12 young (12288K), 3 survivors (3072K)
 Metaspace       used 60717K, committed 61376K, reserved 1114112K
  class space    used 7991K, committed 8320K, reserved 1048576K
GC Heap History (20 events):
Event: 6.981 GC heap before
{Heap before GC invocations=3 (full 0):
 garbage-first heap   total 131072K, used 55653K [0x0000000081800000, 0x0000000100000000)
  region size 1024K, 49 young (50176K), 3 survivors (3072K)
 Metaspace       used 21154K, committed 21504K, reserved 1114112K
  class space    used 2577K, committed 2752K, reserved 1048576K
}
Event: 6.998 GC heap after
{Heap after GC invocations=4 (full 0):
 garbage-first heap   total 131072K, used 12983K [0x0000000081800000, 0x0000000100000000)
  region size 1024K, 7 young (7168K), 7 survivors (7168K)
 Metaspace       used 21154K, committed 21504K, reserved 1114112K
  class space    used 2577K, committed 2752K, reserved 1048576K
}
Event: 9.451 GC heap before
{Heap before GC invocations=5 (full 0):
 garbage-first heap   total 51200K, used 36535K [0x0000000081800000, 0x0000000100000000)
  region size 1024K, 30 young (30720K), 7 survivors (7168K)
 Metaspace       used 26694K, committed 27136K, reserved 1114112K
  class space    used 3304K, committed 3520K, reserved 1048576K
}
Event: 9.490 GC heap after
{Heap after GC invocations=6 (full 0):
 garbage-first heap   total 51200K, used 15784K [0x0000000081800000, 0x0000000100000000)
  region size 1024K, 3 young (3072K), 3 survivors (3072K)
 Metaspace       used 26694K, committed 27136K, reserved 1114112K
  class space    used 3304K, committed 3520K, reserved 1048576K
}
Event: 11.719 GC heap before
{Heap before GC invocations=6 (full 0):
 garbage-first heap   total 51200K, used 34216K [0x0000000081800000, 0x0000000100000000)
  region size 1024K, 22 young (22528K), 3 survivors (3072K)
 Metaspace       used 31032K, committed 31552K, reserved 1114112K
  class space    used 3963K, committed 4224K, reserved 1048576K
}
Event: 11.726 GC heap after
{Heap after GC invocations=7 (full 0):
 garbage-first heap   total 51200K, used 17276K [0x0000000081800000, 0x0000000100000000)
  region size 1024K, 2 young (2048K), 2 survivors (2048K)
 Metaspace       used 31032K, committed 31552K, reserved 1114112K
  class space    used 3963K, committed 4224K, reserved 1048576K
}
Event: 12.602 GC heap before
{Heap before GC invocations=7 (full 0):
 garbage-first heap   total 51200K, used 30588K [0x0000000081800000, 0x0000000100000000)
  region size 1024K, 16 young (16384K), 2 survivors (2048K)
 Metaspace       used 35532K, committed 35968K, reserved 1114112K
  class space    used 4512K, committed 4736K, reserved 1048576K
}
Event: 12.607 GC heap after
{Heap after GC invocations=8 (full 0):
 garbage-first heap   total 51200K, used 18546K [0x0000000081800000, 0x0000000100000000)
  region size 1024K, 3 young (3072K), 3 survivors (3072K)
 Metaspace       used 35532K, committed 35968K, reserved 1114112K
  class space    used 4512K, committed 4736K, reserved 1048576K
}
Event: 13.838 GC heap before
{Heap before GC invocations=9 (full 0):
 garbage-first heap   total 51200K, used 36978K [0x0000000081800000, 0x0000000100000000)
  region size 1024K, 22 young (22528K), 3 survivors (3072K)
 Metaspace       used 42085K, committed 42560K, reserved 1114112K
  class space    used 5311K, committed 5504K, reserved 1048576K
}
Event: 13.846 GC heap after
{Heap after GC invocations=10 (full 0):
 garbage-first heap   total 51200K, used 19891K [0x0000000081800000, 0x0000000100000000)
  region size 1024K, 3 young (3072K), 3 survivors (3072K)
 Metaspace       used 42085K, committed 42560K, reserved 1114112K
  class space    used 5311K, committed 5504K, reserved 1048576K
}
Event: 14.738 GC heap before
{Heap before GC invocations=10 (full 0):
 garbage-first heap   total 51200K, used 37299K [0x0000000081800000, 0x0000000100000000)
  region size 1024K, 21 young (21504K), 3 survivors (3072K)
 Metaspace       used 47265K, committed 47808K, reserved 1114112K
  class space    used 6061K, committed 6336K, reserved 1048576K
}
Event: 14.744 GC heap after
{Heap after GC invocations=11 (full 0):
 garbage-first heap   total 51200K, used 20952K [0x0000000081800000, 0x0000000100000000)
  region size 1024K, 3 young (3072K), 3 survivors (3072K)
 Metaspace       used 47265K, committed 47808K, reserved 1114112K
  class space    used 6061K, committed 6336K, reserved 1048576K
}
Event: 15.391 GC heap before
{Heap before GC invocations=11 (full 0):
 garbage-first heap   total 51200K, used 37336K [0x0000000081800000, 0x0000000100000000)
  region size 1024K, 20 young (20480K), 3 survivors (3072K)
 Metaspace       used 51608K, committed 52096K, reserved 1114112K
  class space    used 6778K, committed 7040K, reserved 1048576K
}
Event: 15.396 GC heap after
{Heap after GC invocations=12 (full 0):
 garbage-first heap   total 51200K, used 21899K [0x0000000081800000, 0x0000000100000000)
  region size 1024K, 3 young (3072K), 3 survivors (3072K)
 Metaspace       used 51608K, committed 52096K, reserved 1114112K
  class space    used 6778K, committed 7040K, reserved 1048576K
}
Event: 16.321 GC heap before
{Heap before GC invocations=12 (full 0):
 garbage-first heap   total 51200K, used 38283K [0x0000000081800000, 0x0000000100000000)
  region size 1024K, 20 young (20480K), 3 survivors (3072K)
 Metaspace       used 55299K, committed 55872K, reserved 1114112K
  class space    used 7260K, committed 7552K, reserved 1048576K
}
Event: 16.333 GC heap after
{Heap after GC invocations=13 (full 0):
 garbage-first heap   total 51200K, used 23358K [0x0000000081800000, 0x0000000100000000)
  region size 1024K, 3 young (3072K), 3 survivors (3072K)
 Metaspace       used 55299K, committed 55872K, reserved 1114112K
  class space    used 7260K, committed 7552K, reserved 1048576K
}
Event: 16.962 GC heap before
{Heap before GC invocations=13 (full 0):
 garbage-first heap   total 51200K, used 39742K [0x0000000081800000, 0x0000000100000000)
  region size 1024K, 19 young (19456K), 3 survivors (3072K)
 Metaspace       used 56307K, committed 56896K, reserved 1114112K
  class space    used 7401K, committed 7680K, reserved 1048576K
}
Event: 16.970 GC heap after
{Heap after GC invocations=14 (full 0):
 garbage-first heap   total 51200K, used 24511K [0x0000000081800000, 0x0000000100000000)
  region size 1024K, 2 young (2048K), 2 survivors (2048K)
 Metaspace       used 56307K, committed 56896K, reserved 1114112K
  class space    used 7401K, committed 7680K, reserved 1048576K
}
Event: 46.555 GC heap before
{Heap before GC invocations=14 (full 0):
 garbage-first heap   total 51200K, used 39871K [0x0000000081800000, 0x0000000100000000)
  region size 1024K, 17 young (17408K), 2 survivors (2048K)
 Metaspace       used 58540K, committed 59136K, reserved 1114112K
  class space    used 7693K, committed 8000K, reserved 1048576K
}
Event: 46.562 GC heap after
{Heap after GC invocations=15 (full 0):
 garbage-first heap   total 64512K, used 25940K [0x0000000081800000, 0x0000000100000000)
  region size 1024K, 3 young (3072K), 3 survivors (3072K)
 Metaspace       used 58540K, committed 59136K, reserved 1114112K
  class space    used 7693K, committed 8000K, reserved 1048576K
}

